<?xml version="1.0" encoding="UTF-8"?>
<beans xmlns="http://www.springframework.org/schema/beans"
       xmlns:context="http://www.springframework.org/schema/context"
       xmlns:xsi="http://www.w3.org/2001/XMLSchema-instance"
       xmlns:mvc="http://www.springframework.org/schema/mvc"
       xsi:schemaLocation="http://www.springframework.org/schema/beans
   http://www.springframework.org/schema/beans/spring-beans-3.0.xsd
   http://www.springframework.org/schema/context
   http://www.springframework.org/schema/context/spring-context-3.0.xsd
   http://www.springframework.org/schema/mvc
   http://www.springframework.org/schema/mvc/spring-mvc-4.2.xsd">

    <mvc:annotation-driven />
    <!--<mvc:default-servlet-handle />-->
    <context:annotation-config />

    <context:component-scan base-package="web.controller"></context:component-scan><!--
    <bean class="org.springframework.beans.factory.annotation.AutowiredAnnotationBeanPostProcessor" />-->
    <bean id="freemarkerConfig" class="org.springframework.web.servlet.view.freemarker.FreeMarkerConfigurer">
        <property name="templateLoaderPath">
            <value>/WEB-INF/jsp/</value>
        </property>
    </bean>

    <bean id="htmlviewResolver" class="org.springframework.web.servlet.view.freemarker.FreeMarkerViewResolver">
        <property name="suffix" value=".html"/>
        <property name="order" value="0"/>
        <property name="contentType" value="text/html;charset=UTF-8"/>
    </bean>
    <bean class="org.springframework.web.servlet.view.InternalResourceViewResolver">
        <property name="prefix" value="/WEB-INF/jsp/"/>
        <property name="suffix" value=".jsp"/>
        <property name="order" value="1"/>
        <property name="contentType" value="text/html;charset=UTF-8"/>
    </bean>
</beans>